app/build/outputs/logs/manifest-merger-debug-report.txt
-- Merging decision tree log ---
manifest
ADDED from src/main/AndroidManifest.xml:2:1-29:12
INJECTED from src/main/AndroidManifest.xml:2:1-29:12
INJECTED from src/main/AndroidManifest.xml:2:1-29:12
INJECTED from src/main/AndroidManifest.xml:2:1-29:12
INJECTED from src/main/AndroidManifest.xml:2:1-29:12
	package
		ADDED from src/main/AndroidManifest.xml:3:2-43
	android:versionName
		ADDED from src/main/AndroidManifest.xml:5:2-27
		INJECTED from src/main/AndroidManifest.xml
		INJECTED from src/main/AndroidManifest.xml
	xmlns:android
		ADDED from src/main/AndroidManifest.xml:2:11-69
	android:versionCode
		ADDED from src/main/AndroidManifest.xml:4:2-25
		INJECTED from src/main/AndroidManifest.xml
		INJECTED from src/main/AndroidManifest.xml
uses-sdk
ADDED from src/main/AndroidManifest.xml:7:2-9:34
INJECTED from src/main/AndroidManifest.xml:7:2-9:34
INJECTED from src/main/AndroidManifest.xml:7:2-9:34
INJECTED from src/main/AndroidManifest.xml:7:2-9:34
INJECTED from src/main/AndroidManifest.xml:7:2-9:34
	android:targetSdkVersion
		ADDED from src/main/AndroidManifest.xml:9:3-32
		INJECTED from src/main/AndroidManifest.xml
		INJECTED from src/main/AndroidManifest.xml
	android:minSdkVersion
		ADDED from src/main/AndroidManifest.xml:8:3-28
		INJECTED from src/main/AndroidManifest.xml
		INJECTED from src/main/AndroidManifest.xml
uses-permission#android.permission.WRITE_SETTINGS
ADDED from src/main/AndroidManifest.xml:11:2-70
	android:name
		ADDED from src/main/AndroidManifest.xml:11:19-67
application
ADDED from src/main/AndroidManifest.xml:13:2-27:16
	android:label
		ADDED from src/main/AndroidManifest.xml:16:3-35
	android:icon
		ADDED from src/main/AndroidManifest.xml:15:3-39
	android:allowBackup
		ADDED from src/main/AndroidManifest.xml:14:3-29
	android:theme
		ADDED from src/main/AndroidManifest.xml:17:3-34
activity#com.commonsware.android.timeout.MainActivity
ADDED from src/main/AndroidManifest.xml:18:3-26:14
	android:label
		ADDED from src/main/AndroidManifest.xml:20:4-36
	android:name
		ADDED from src/main/AndroidManifest.xml:19:4-63
intent-filter#action:name:android.intent.action.MAIN+category:name:android.intent.category.LAUNCHER
ADDED from src/main/AndroidManifest.xml:21:4-25:20
action#android.intent.action.MAIN
ADDED from src/main/AndroidManifest.xml:22:5-56
	android:name
		ADDED from src/main/AndroidManifest.xml:22:13-54
category#android.intent.category.LAUNCHER
ADDED from src/main/AndroidManifest.xml:24:5-64
	android:name
		ADDED from src/main/AndroidManifest.xml:24:15-62